2022-09-30 13:48:53,805 [Worker-0: Loading available Gradle versions] INFO  o.e.b.c.i.u.g.PublishedGradleVersions - Gradle version information cache is up-to-date. Trying to read.
2022-09-30 13:49:35,618 [Worker-3: Importing Maven projects] INFO  o.e.m.c.i.l.LifecycleMappingFactory - Using org.eclipse.m2e.jdt.JarLifecycleMapping lifecycle mapping for MavenProject: com.generation:blogpessoal:0.0.1-SNAPSHOT @ C:\Users\julia\OneDrive\햞ea de Trabalho\Blog Pessoal\blogpessoal\pom.xml.
2022-09-30 13:49:42,913 [Worker-3: Importing Maven projects] INFO  o.e.m.j.i.AbstractJavaProjectConfigurator - Adding source folder /blogpessoal/src/main/java
2022-09-30 13:49:42,915 [Worker-3: Importing Maven projects] INFO  o.e.m.j.i.AbstractJavaProjectConfigurator - Adding resource folder /blogpessoal/src/main/resources
2022-09-30 13:49:42,916 [Worker-3: Importing Maven projects] INFO  o.e.m.j.i.AbstractJavaProjectConfigurator - Adding resource folder /blogpessoal/src/main/resources
2022-09-30 13:49:42,919 [Worker-3: Importing Maven projects] INFO  o.e.m.j.i.AbstractJavaProjectConfigurator - Adding source folder /blogpessoal/src/test/java
2022-09-30 13:49:43,355 [Worker-3: Importing Maven projects] INFO  o.e.m.c.i.p.ProjectConfigurationManager - Imported and configured 1 project(s) in 14 sec
2022-09-30 13:49:44,920 [Worker-0: Building] INFO  o.e.m.c.i.embedder.EclipseLogger - Using 'UTF-8' encoding to copy filtered resources.
2022-09-30 13:49:44,920 [Worker-0: Building] INFO  o.e.m.c.i.embedder.EclipseLogger - Using 'UTF-8' encoding to copy filtered properties files.
2022-09-30 13:49:44,928 [Worker-0: Building] INFO  o.e.m.c.i.embedder.EclipseLogger - Copying 1 resource
2022-09-30 13:49:44,971 [Worker-0: Building] INFO  o.e.m.c.i.embedder.EclipseLogger - Copying 0 resource
2022-09-30 13:49:44,982 [Worker-0: Building] INFO  o.e.m.c.i.embedder.EclipseLogger - Using 'UTF-8' encoding to copy filtered resources.
2022-09-30 13:49:44,983 [Worker-0: Building] INFO  o.e.m.c.i.embedder.EclipseLogger - Using 'UTF-8' encoding to copy filtered properties files.
2022-09-30 13:49:44,983 [Worker-0: Building] INFO  o.e.m.c.i.embedder.EclipseLogger - skip non existing resourceDirectory C:\Users\julia\OneDrive\햞ea de Trabalho\Blog Pessoal\blogpessoal\src\test\resources
2022-09-30 14:16:15,751 [Worker-5: Building] INFO  o.e.m.c.i.embedder.EclipseLogger - Using 'UTF-8' encoding to copy filtered resources.
2022-09-30 14:16:15,752 [Worker-5: Building] INFO  o.e.m.c.i.embedder.EclipseLogger - Using 'UTF-8' encoding to copy filtered properties files.
2022-09-30 14:16:15,757 [Worker-5: Building] INFO  o.e.m.c.i.embedder.EclipseLogger - Copying 1 resource
2022-09-30 14:16:15,765 [Worker-5: Building] INFO  o.e.m.c.i.embedder.EclipseLogger - Copying 0 resource
2022-09-30 14:16:15,768 [Worker-5: Building] INFO  o.e.m.c.i.embedder.EclipseLogger - Using 'UTF-8' encoding to copy filtered resources.
2022-09-30 14:16:15,768 [Worker-5: Building] INFO  o.e.m.c.i.embedder.EclipseLogger - Using 'UTF-8' encoding to copy filtered properties files.
2022-09-30 14:16:15,768 [Worker-5: Building] INFO  o.e.m.c.i.embedder.EclipseLogger - skip non existing resourceDirectory C:\Users\julia\OneDrive\햞ea de Trabalho\Blog Pessoal\blogpessoal\src\test\resources
2022-09-30 14:16:56,651 [Worker-11: Building] INFO  o.e.m.c.i.embedder.EclipseLogger - Using 'UTF-8' encoding to copy filtered resources.
2022-09-30 14:16:56,652 [Worker-11: Building] INFO  o.e.m.c.i.embedder.EclipseLogger - Using 'UTF-8' encoding to copy filtered properties files.
2022-09-30 14:16:56,655 [Worker-11: Building] INFO  o.e.m.c.i.embedder.EclipseLogger - Copying 1 resource
2022-09-30 14:16:56,662 [Worker-11: Building] INFO  o.e.m.c.i.embedder.EclipseLogger - Copying 0 resource
2022-09-30 14:16:56,667 [Worker-11: Building] INFO  o.e.m.c.i.embedder.EclipseLogger - Using 'UTF-8' encoding to copy filtered resources.
2022-09-30 14:16:56,667 [Worker-11: Building] INFO  o.e.m.c.i.embedder.EclipseLogger - Using 'UTF-8' encoding to copy filtered properties files.
2022-09-30 14:16:56,667 [Worker-11: Building] INFO  o.e.m.c.i.embedder.EclipseLogger - skip non existing resourceDirectory C:\Users\julia\OneDrive\햞ea de Trabalho\Blog Pessoal\blogpessoal\src\test\resources
2022-09-30 14:23:17,101 [Worker-5: Launching BlogpessoalApplication] INFO  o.e.m.c.i.embedder.EclipseLogger - Using 'UTF-8' encoding to copy filtered resources.
2022-09-30 14:23:17,101 [Worker-5: Launching BlogpessoalApplication] INFO  o.e.m.c.i.embedder.EclipseLogger - Using 'UTF-8' encoding to copy filtered properties files.
2022-09-30 14:23:17,103 [Worker-5: Launching BlogpessoalApplication] INFO  o.e.m.c.i.embedder.EclipseLogger - Copying 1 resource
2022-09-30 14:23:17,112 [Worker-5: Launching BlogpessoalApplication] INFO  o.e.m.c.i.embedder.EclipseLogger - Copying 0 resource
2022-09-30 14:23:17,117 [Worker-5: Launching BlogpessoalApplication] INFO  o.e.m.c.i.embedder.EclipseLogger - Using 'UTF-8' encoding to copy filtered resources.
2022-09-30 14:23:17,117 [Worker-5: Launching BlogpessoalApplication] INFO  o.e.m.c.i.embedder.EclipseLogger - Using 'UTF-8' encoding to copy filtered properties files.
2022-09-30 14:23:17,118 [Worker-5: Launching BlogpessoalApplication] INFO  o.e.m.c.i.embedder.EclipseLogger - skip non existing resourceDirectory C:\Users\julia\OneDrive\햞ea de Trabalho\Blog Pessoal\blogpessoal\src\test\resources
2022-09-30 14:25:25,869 [Worker-20: Building] INFO  o.e.m.c.i.embedder.EclipseLogger - Using 'UTF-8' encoding to copy filtered resources.
2022-09-30 14:25:25,872 [Worker-20: Building] INFO  o.e.m.c.i.embedder.EclipseLogger - Using 'UTF-8' encoding to copy filtered properties files.
2022-09-30 14:25:25,874 [Worker-20: Building] INFO  o.e.m.c.i.embedder.EclipseLogger - Copying 1 resource
2022-09-30 14:25:25,891 [Worker-20: Building] INFO  o.e.m.c.i.embedder.EclipseLogger - Copying 0 resource
2022-09-30 14:25:25,896 [Worker-20: Building] INFO  o.e.m.c.i.embedder.EclipseLogger - Using 'UTF-8' encoding to copy filtered resources.
2022-09-30 14:25:25,896 [Worker-20: Building] INFO  o.e.m.c.i.embedder.EclipseLogger - Using 'UTF-8' encoding to copy filtered properties files.
2022-09-30 14:25:25,896 [Worker-20: Building] INFO  o.e.m.c.i.embedder.EclipseLogger - skip non existing resourceDirectory C:\Users\julia\OneDrive\햞ea de Trabalho\Blog Pessoal\blogpessoal\src\test\resources
2022-09-30 14:26:57,283 [Worker-23: Building] INFO  o.e.m.c.i.embedder.EclipseLogger - Using 'UTF-8' encoding to copy filtered resources.
2022-09-30 14:26:57,283 [Worker-23: Building] INFO  o.e.m.c.i.embedder.EclipseLogger - Using 'UTF-8' encoding to copy filtered properties files.
2022-09-30 14:26:57,285 [Worker-23: Building] INFO  o.e.m.c.i.embedder.EclipseLogger - Copying 1 resource
2022-09-30 14:26:57,311 [Worker-23: Building] INFO  o.e.m.c.i.embedder.EclipseLogger - Copying 0 resource
2022-09-30 14:26:57,321 [Worker-23: Building] INFO  o.e.m.c.i.embedder.EclipseLogger - Using 'UTF-8' encoding to copy filtered resources.
2022-09-30 14:26:57,322 [Worker-23: Building] INFO  o.e.m.c.i.embedder.EclipseLogger - Using 'UTF-8' encoding to copy filtered properties files.
2022-09-30 14:26:57,324 [Worker-23: Building] INFO  o.e.m.c.i.embedder.EclipseLogger - skip non existing resourceDirectory C:\Users\julia\OneDrive\햞ea de Trabalho\Blog Pessoal\blogpessoal\src\test\resources
2022-09-30 14:57:23,768 [Worker-28: Launching blogpessoal - BlogpessoalApplication] INFO  o.e.m.c.i.embedder.EclipseLogger - Using 'UTF-8' encoding to copy filtered resources.
2022-09-30 14:57:23,769 [Worker-28: Launching blogpessoal - BlogpessoalApplication] INFO  o.e.m.c.i.embedder.EclipseLogger - Using 'UTF-8' encoding to copy filtered properties files.
2022-09-30 14:57:23,772 [Worker-28: Launching blogpessoal - BlogpessoalApplication] INFO  o.e.m.c.i.embedder.EclipseLogger - Copying 1 resource
2022-09-30 14:57:23,797 [Worker-28: Launching blogpessoal - BlogpessoalApplication] INFO  o.e.m.c.i.embedder.EclipseLogger - Copying 0 resource
2022-09-30 14:57:23,802 [Worker-28: Launching blogpessoal - BlogpessoalApplication] INFO  o.e.m.c.i.embedder.EclipseLogger - Using 'UTF-8' encoding to copy filtered resources.
2022-09-30 14:57:23,803 [Worker-28: Launching blogpessoal - BlogpessoalApplication] INFO  o.e.m.c.i.embedder.EclipseLogger - Using 'UTF-8' encoding to copy filtered properties files.
2022-09-30 14:57:23,803 [Worker-28: Launching blogpessoal - BlogpessoalApplication] INFO  o.e.m.c.i.embedder.EclipseLogger - skip non existing resourceDirectory C:\Users\julia\OneDrive\햞ea de Trabalho\Blog Pessoal\blogpessoal\src\test\resources
2022-09-30 15:00:21,048 [Worker-27: Launching blogpessoal - BlogpessoalApplication] INFO  o.e.m.c.i.embedder.EclipseLogger - Using 'UTF-8' encoding to copy filtered resources.
2022-09-30 15:00:21,048 [Worker-27: Launching blogpessoal - BlogpessoalApplication] INFO  o.e.m.c.i.embedder.EclipseLogger - Using 'UTF-8' encoding to copy filtered properties files.
2022-09-30 15:00:21,051 [Worker-27: Launching blogpessoal - BlogpessoalApplication] INFO  o.e.m.c.i.embedder.EclipseLogger - Copying 1 resource
2022-09-30 15:00:21,075 [Worker-27: Launching blogpessoal - BlogpessoalApplication] INFO  o.e.m.c.i.embedder.EclipseLogger - Copying 0 resource
2022-09-30 15:00:21,081 [Worker-27: Launching blogpessoal - BlogpessoalApplication] INFO  o.e.m.c.i.embedder.EclipseLogger - Using 'UTF-8' encoding to copy filtered resources.
2022-09-30 15:00:21,082 [Worker-27: Launching blogpessoal - BlogpessoalApplication] INFO  o.e.m.c.i.embedder.EclipseLogger - Using 'UTF-8' encoding to copy filtered properties files.
2022-09-30 15:00:21,082 [Worker-27: Launching blogpessoal - BlogpessoalApplication] INFO  o.e.m.c.i.embedder.EclipseLogger - skip non existing resourceDirectory C:\Users\julia\OneDrive\햞ea de Trabalho\Blog Pessoal\blogpessoal\src\test\resources
2022-09-30 20:47:46,633 [Worker-48: Building] INFO  o.e.m.c.i.embedder.EclipseLogger - Using 'UTF-8' encoding to copy filtered resources.
2022-09-30 20:47:46,634 [Worker-48: Building] INFO  o.e.m.c.i.embedder.EclipseLogger - Using 'UTF-8' encoding to copy filtered properties files.
2022-09-30 20:47:46,637 [Worker-48: Building] INFO  o.e.m.c.i.embedder.EclipseLogger - Copying 1 resource
2022-09-30 20:47:46,707 [Worker-48: Building] INFO  o.e.m.c.i.embedder.EclipseLogger - Copying 0 resource
2022-09-30 20:47:46,709 [Worker-48: Building] INFO  o.e.m.c.i.embedder.EclipseLogger - Using 'UTF-8' encoding to copy filtered resources.
2022-09-30 20:47:46,709 [Worker-48: Building] INFO  o.e.m.c.i.embedder.EclipseLogger - Using 'UTF-8' encoding to copy filtered properties files.
2022-09-30 20:47:46,709 [Worker-48: Building] INFO  o.e.m.c.i.embedder.EclipseLogger - skip non existing resourceDirectory C:\Users\julia\OneDrive\햞ea de Trabalho\Blog Pessoal\blogpessoal\src\test\resources
2022-09-30 20:55:04,377 [Worker-49: Building] INFO  o.e.m.c.i.embedder.EclipseLogger - Using 'UTF-8' encoding to copy filtered resources.
2022-09-30 20:55:04,377 [Worker-49: Building] INFO  o.e.m.c.i.embedder.EclipseLogger - Using 'UTF-8' encoding to copy filtered properties files.
2022-09-30 20:55:04,381 [Worker-49: Building] INFO  o.e.m.c.i.embedder.EclipseLogger - Copying 1 resource
2022-09-30 20:55:04,447 [Worker-49: Building] INFO  o.e.m.c.i.embedder.EclipseLogger - Copying 0 resource
2022-09-30 20:55:04,450 [Worker-49: Building] INFO  o.e.m.c.i.embedder.EclipseLogger - Using 'UTF-8' encoding to copy filtered resources.
2022-09-30 20:55:04,451 [Worker-49: Building] INFO  o.e.m.c.i.embedder.EclipseLogger - Using 'UTF-8' encoding to copy filtered properties files.
2022-09-30 20:55:04,452 [Worker-49: Building] INFO  o.e.m.c.i.embedder.EclipseLogger - skip non existing resourceDirectory C:\Users\julia\OneDrive\햞ea de Trabalho\Blog Pessoal\blogpessoal\src\test\resources
